<?xml version="1.0" encoding="UTF-8"?>
<testng-results ignored="0" total="1" passed="1" failed="0" skipped="0">
  <reporter-output>
  </reporter-output>
  <suite started-at="2022-07-15T18:38:39 IST" name="Default suite" finished-at="2022-07-15T18:38:50 IST" duration-ms="10520">
    <groups>
    </groups>
    <test started-at="2022-07-15T18:38:39 IST" name="Default test" finished-at="2022-07-15T18:38:50 IST" duration-ms="10520">
      <class name="testselenium.JenkinsDemo">
        <test-method signature="runSelenium()[pri:0, instance:testselenium.JenkinsDemo@56a6d5a6]" started-at="2022-07-15T18:38:39 IST" name="runSelenium" finished-at="2022-07-15T18:38:50 IST" duration-ms="10493" status="PASS">
          <reporter-output>
          </reporter-output>
        </test-method> <!-- runSelenium -->
      </class> <!-- testselenium.JenkinsDemo -->
    </test> <!-- Default test -->
  </suite> <!-- Default suite -->
</testng-results>
